<?xml version="1.0" encoding="UTF-8"?>
<!-- Generated by org.testng.reporters.JUnitReportReporter -->
<testsuite hostname="LAPTOP-VBB6265N" failures="0" tests="1" name="com.pos.testcases.CreateNewCutomer" time="24.084" errors="0" timestamp="2024-03-02T16:26:38 IST" skipped="0">
  <testcase classname="com.pos.testcases.CreateNewCutomer" name="runLogin" time="24.084"/>
  <system-out/>
</testsuite> <!-- com.pos.testcases.CreateNewCutomer -->
